This file contains any messages produced by compilers while
running configure, to aid debugging if configure makes a mistake.

It was created by configure, which was
generated by GNU Autoconf 2.69.  Invocation command line was

  $ ./configure 

## --------- ##
## Platform. ##
## --------- ##

hostname = lappy.local
uname -m = x86_64
uname -r = 19.4.0
uname -s = Darwin
uname -v = Darwin Kernel Version 19.4.0: Wed Mar  4 22:28:40 PST 2020; root:xnu-6153.101.6~15/RELEASE_X86_64

/usr/bin/uname -p = i386
/bin/uname -X     = unknown

/bin/arch              = unknown
/usr/bin/arch -k       = unknown
/usr/convex/getsysinfo = unknown
/usr/bin/hostinfo      = Mach kernel version:
	 Darwin Kernel Version 19.4.0: Wed Mar  4 22:28:40 PST 2020; root:xnu-6153.101.6~15/RELEASE_X86_64
Kernel configured for up to 8 processors.
4 processors are physically available.
8 processors are logically available.
Processor type: x86_64h (Intel x86-64h Haswell)
Processors active: 0 1 2 3 4 5 6 7
Primary memory available: 16.00 gigabytes
Default processor set: 503 tasks, 2078 threads, 8 processors
Load average: 1.56, Mach factor: 6.43
/bin/machine           = unknown
/usr/bin/oslevel       = unknown
/bin/universe          = unknown

PATH: /usr/local/bin
PATH: /usr/bin
PATH: /bin
PATH: /usr/sbin
PATH: /sbin
PATH: /Library/TeX/texbin
PATH: /usr/local/MacGPG2/bin
PATH: /opt/X11/bin


## ----------- ##
## Core tests. ##
## ----------- ##

configure:1950: checking for C++ compiler version
configure:1959: clang++ -std=gnu++11 --version >&5
clang version 7.0.0 (tags/RELEASE_700/final)
Target: x86_64-apple-darwin19.4.0
Thread model: posix
InstalledDir: /usr/local/bin
configure:1970: $? = 0
configure:1959: clang++ -std=gnu++11 -v >&5
clang version 7.0.0 (tags/RELEASE_700/final)
Target: x86_64-apple-darwin19.4.0
Thread model: posix
InstalledDir: /usr/local/bin
clang-7: warning: argument unused during compilation: '-std=gnu++11' [-Wunused-command-line-argument]
configure:1970: $? = 0
configure:1959: clang++ -std=gnu++11 -V >&5
clang-7: error: argument to '-V' is missing (expected 1 value)
clang-7: error: no input files
configure:1970: $? = 1
configure:1959: clang++ -std=gnu++11 -qversion >&5
clang-7: error: unknown argument '-qversion', did you mean '--version'?
clang-7: error: no input files
configure:1970: $? = 1
configure:1990: checking whether the C++ compiler works
configure:2012: clang++ -std=gnu++11    conftest.cpp  >&5
configure:2016: $? = 0
configure:2064: result: yes
configure:2067: checking for C++ compiler default output file name
configure:2069: result: a.out
configure:2075: checking for suffix of executables
configure:2082: clang++ -std=gnu++11 -o conftest    conftest.cpp  >&5
configure:2086: $? = 0
configure:2108: result: 
configure:2130: checking whether we are cross compiling
configure:2138: clang++ -std=gnu++11 -o conftest    conftest.cpp  >&5
In file included from conftest.cpp:9:
/usr/local/include/c++/v1/stdio.h:108:15: fatal error: 'stdio.h' file not found
#include_next <stdio.h>
              ^~~~~~~~~
1 error generated.
configure:2142: $? = 1
configure:2149: ./conftest
./configure: line 2151: ./conftest: No such file or directory
configure:2153: $? = 127
configure:2160: error: in `/Users/vdorie/Repositories/stan4bart':
configure:2162: error: cannot run C++ compiled programs.
If you meant to cross compile, use `--host'.
See `config.log' for more details

## ---------------- ##
## Cache variables. ##
## ---------------- ##

ac_cv_env_CCC_set=
ac_cv_env_CCC_value=
ac_cv_env_CPPFLAGS_set=
ac_cv_env_CPPFLAGS_value=
ac_cv_env_CXXCPP_set=
ac_cv_env_CXXCPP_value=
ac_cv_env_CXXFLAGS_set=
ac_cv_env_CXXFLAGS_value=
ac_cv_env_CXX_set=
ac_cv_env_CXX_value=
ac_cv_env_LDFLAGS_set=
ac_cv_env_LDFLAGS_value=
ac_cv_env_LIBS_set=
ac_cv_env_LIBS_value=
ac_cv_env_build_alias_set=
ac_cv_env_build_alias_value=
ac_cv_env_host_alias_set=
ac_cv_env_host_alias_value=
ac_cv_env_target_alias_set=
ac_cv_env_target_alias_value=

## ----------------- ##
## Output variables. ##
## ----------------- ##

BUILD_LTO_FALSE=''
BUILD_LTO_TRUE=''
CPPFLAGS=''
CXX='clang++ -std=gnu++11'
CXXCPP=''
CXXFLAGS=''
DEFS=''
ECHO_C='\c'
ECHO_N=''
ECHO_T=''
EXEEXT=''
LDFLAGS=''
LIBOBJS=''
LIBS=''
LTLIBOBJS=''
LTO='-flto'
OBJEXT=''
PACKAGE_BUGREPORT=''
PACKAGE_NAME=''
PACKAGE_STRING=''
PACKAGE_TARNAME=''
PACKAGE_URL=''
PACKAGE_VERSION=''
PATH_SEPARATOR=':'
SHELL='/bin/sh'
ac_ct_CXX=''
bindir='${exec_prefix}/bin'
build_alias=''
datadir='${datarootdir}'
datarootdir='${prefix}/share'
docdir='${datarootdir}/doc/${PACKAGE}'
dvidir='${docdir}'
exec_prefix='NONE'
host_alias=''
htmldir='${docdir}'
includedir='${prefix}/include'
infodir='${datarootdir}/info'
libdir='${exec_prefix}/lib'
libexecdir='${exec_prefix}/libexec'
localedir='${datarootdir}/locale'
localstatedir='${prefix}/var'
mandir='${datarootdir}/man'
oldincludedir='/usr/include'
pdfdir='${docdir}'
prefix='NONE'
program_transform_name='s,x,x,'
psdir='${docdir}'
sbindir='${exec_prefix}/sbin'
sharedstatedir='${prefix}/com'
sysconfdir='${prefix}/etc'
target_alias=''

## ----------- ##
## confdefs.h. ##
## ----------- ##

/* confdefs.h */
#define PACKAGE_NAME ""
#define PACKAGE_TARNAME ""
#define PACKAGE_VERSION ""
#define PACKAGE_STRING ""
#define PACKAGE_BUGREPORT ""
#define PACKAGE_URL ""

configure: exit 1
